c:\oisin\projects\flock\boids\debug\vc120.pdb
c:\oisin\projects\flock\boids\debug\vc120.idb
c:\oisin\projects\flock\boids\debug\boid.obj
c:\oisin\projects\flock\boids\debug\flock.obj
c:\oisin\projects\flock\boids\debug\main.obj
c:\oisin\projects\flock\boids\debug\pvector.obj
c:\oisin\projects\flock\debug\flock.ilk
c:\oisin\projects\flock\debug\flock.exe
c:\oisin\projects\flock\debug\flock.pdb
c:\users\nover\desktop\artificial_intelligence\flock(1)\flock\boids\debug\boid.obj
c:\users\nover\desktop\artificial_intelligence\flock(1)\flock\boids\debug\flock.obj
c:\users\nover\desktop\artificial_intelligence\flock(1)\flock\boids\debug\main.obj
c:\users\nover\desktop\artificial_intelligence\flock(1)\flock\boids\debug\pvector.obj
c:\users\nover\desktop\artificial_intelligence\flock(1)\flock\boids\debug\vc120.idb
c:\users\nover\desktop\artificial_intelligence\flock(1)\flock\boids\debug\vc120.pdb
c:\users\nover\desktop\artificial_intelligence\flock(1)\flock\debug\flock.pdb
c:\users\nover\desktop\artificial_intelligence\flock(1)\flock\debug\flock.exe
c:\users\nover\desktop\artificial_intelligence\flock(1)\flock\debug\flock.ilk
c:\users\nover\desktop\artificial_intelligence\flock(1)\flock\boids\debug\flock.tlog\cl.command.1.tlog
c:\users\nover\desktop\artificial_intelligence\flock(1)\flock\boids\debug\flock.tlog\cl.read.1.tlog
c:\users\nover\desktop\artificial_intelligence\flock(1)\flock\boids\debug\flock.tlog\cl.write.1.tlog
c:\users\nover\desktop\artificial_intelligence\flock(1)\flock\boids\debug\flock.tlog\link.command.1.tlog
c:\users\nover\desktop\artificial_intelligence\flock(1)\flock\boids\debug\flock.tlog\link.read.1.tlog
c:\users\nover\desktop\artificial_intelligence\flock(1)\flock\boids\debug\flock.tlog\link.write.1.tlog
